-------------------------------------------------------------------------------
Test set: io.cucumber.junit.platform.engine.CucumberTestEngine
-------------------------------------------------------------------------------
Tests run: 1, Failures: 0, Errors: 1, Skipped: 0, Time elapsed: 1.145 s <<< FAILURE! - in io.cucumber.junit.platform.engine.CucumberTestEngine
Comprar Passagem.Comprar com Sucesso  Time elapsed: 0.609 s  <<< ERROR!
io.cucumber.junit.platform.engine.UndefinedStepException: 
The step 'que acesso o site "https://blazedemo.com/"' and 3 other step(s) are undefined.
You can implement these steps using the snippet(s) below:

@Dado("que acesso o site {string}")
public void que_acesso_o_site(String string) {
    // Write code here that turns the phrase above into concrete actions
    throw new io.cucumber.java.PendingException();
}
@Quando("escolho origem {string} e destino {string}")
public void escolho_origem_e_destino(String string, String string2) {
    // Write code here that turns the phrase above into concrete actions
    throw new io.cucumber.java.PendingException();
}
@Quando("clico no botão {string}")
public void clico_no_botão(String string) {
    // Write code here that turns the phrase above into concrete actions
    throw new io.cucumber.java.PendingException();
}
@Então("visualizo a lista de voos")
public void visualizo_a_lista_de_voos() {
    // Write code here that turns the phrase above into concrete actions
    throw new io.cucumber.java.PendingException();
}


